{"/Users/efredin/dev/efredin/circleci-demo/src/app.js": {"path":"/Users/efredin/dev/efredin/circleci-demo/src/app.js","statementMap":{"0":{"start":{"line":4,"column":18},"end":{"line":36,"column":1}},"1":{"start":{"line":5,"column":44},"end":{"line":5,"column":55}},"2":{"start":{"line":8,"column":16},"end":{"line":8,"column":25}},"3":{"start":{"line":11,"column":4},"end":{"line":33,"column":7}},"4":{"start":{"line":12,"column":8},"end":{"line":32,"column":9}},"5":{"start":{"line":14,"column":27},"end":{"line":17,"column":14}},"6":{"start":{"line":18,"column":23},"end":{"line":18,"column":42}},"7":{"start":{"line":19,"column":38},"end":{"line":19,"column":62}},"8":{"start":{"line":22,"column":28},"end":{"line":26,"column":13}},"9":{"start":{"line":28,"column":12},"end":{"line":28,"column":41}},"10":{"start":{"line":30,"column":12},"end":{"line":30,"column":33}},"11":{"start":{"line":31,"column":12},"end":{"line":31,"column":49}},"12":{"start":{"line":35,"column":4},"end":{"line":35,"column":15}}},"fnMap":{"0":{"name":"(anonymous_0)","decl":{"start":{"line":4,"column":18},"end":{"line":4,"column":19}},"loc":{"start":{"line":4,"column":24},"end":{"line":36,"column":1}},"line":4},"1":{"name":"(anonymous_1)","decl":{"start":{"line":11,"column":12},"end":{"line":11,"column":13}},"loc":{"start":{"line":11,"column":41},"end":{"line":33,"column":5}},"line":11}},"branchMap":{},"s":{"0":1,"1":1,"2":1,"3":1,"4":3,"5":3,"6":3,"7":3,"8":3,"9":3,"10":0,"11":0,"12":1},"f":{"0":1,"1":3},"b":{},"_coverageSchema":"43e27e138ebf9cfc5966b082cf9a028302ed4184","hash":"858b628541c2b58de628fe8592f8504fd704cbee"}
}
