{"/Users/efredin/dev/efredin/circleci-demo/src/app.js": {"path":"/Users/efredin/dev/efredin/circleci-demo/src/app.js","statementMap":{"0":{"start":{"line":4,"column":40},"end":{"line":4,"column":51}},"1":{"start":{"line":7,"column":12},"end":{"line":7,"column":21}},"2":{"start":{"line":10,"column":0},"end":{"line":32,"column":3}},"3":{"start":{"line":11,"column":4},"end":{"line":31,"column":5}},"4":{"start":{"line":13,"column":23},"end":{"line":16,"column":10}},"5":{"start":{"line":17,"column":19},"end":{"line":17,"column":38}},"6":{"start":{"line":18,"column":34},"end":{"line":18,"column":58}},"7":{"start":{"line":21,"column":24},"end":{"line":25,"column":9}},"8":{"start":{"line":27,"column":8},"end":{"line":27,"column":37}},"9":{"start":{"line":29,"column":8},"end":{"line":29,"column":29}},"10":{"start":{"line":30,"column":8},"end":{"line":30,"column":45}}},"fnMap":{"0":{"name":"(anonymous_0)","decl":{"start":{"line":10,"column":8},"end":{"line":10,"column":9}},"loc":{"start":{"line":10,"column":37},"end":{"line":32,"column":1}},"line":10}},"branchMap":{},"s":{"0":1,"1":1,"2":1,"3":3,"4":3,"5":3,"6":3,"7":3,"8":3,"9":0,"10":0},"f":{"0":3},"b":{},"_coverageSchema":"43e27e138ebf9cfc5966b082cf9a028302ed4184","hash":"a329dad3c4fbe0e1ddbda1f3c5c1d7021a0ee33d"}
}
